[INFO] Scanning for projects...
[INFO] 
[INFO] -----------------< com.wendrewnick:music-manager-api >------------------
[INFO] Building music-manager-api 0.0.1-SNAPSHOT
[INFO]   from pom.xml
[INFO] --------------------------------[ jar ]---------------------------------
[INFO] 
[INFO] --- resources:3.3.1:resources (default-resources) @ music-manager-api ---
[INFO] Copying 1 resource from src\main\resources to target\classes
[INFO] Copying 1 resource from src\main\resources to target\classes
[INFO] 
[INFO] --- compiler:3.11.0:compile (default-compile) @ music-manager-api ---
[INFO] Changes detected - recompiling the module! :source
[INFO] Compiling 32 source files with javac [debug release 21] to target\classes
[INFO] -------------------------------------------------------------
[ERROR] COMPILATION ERROR : 
[INFO] -------------------------------------------------------------
[ERROR] /C:/Users/Nick/Documents/Nick/WendrewNickCostatehira072129321/src/main/java/com/wendrewnick/musicmanager/security/SecurityConfig.java:[25,43] variable jwtAuthFilter not initialized in the default constructor
[ERROR] /C:/Users/Nick/Documents/Nick/WendrewNickCostatehira072129321/src/main/java/com/wendrewnick/musicmanager/security/SecurityConfig.java:[26,38] variable userDetailsService not initialized in the default constructor
[ERROR] /C:/Users/Nick/Documents/Nick/WendrewNickCostatehira072129321/src/main/java/com/wendrewnick/musicmanager/security/SecurityConfig.java:[27,35] variable rateLimitFilter not initialized in the default constructor
[ERROR] /C:/Users/Nick/Documents/Nick/WendrewNickCostatehira072129321/src/main/java/com/wendrewnick/musicmanager/entity/User.java:[22,8] com.wendrewnick.musicmanager.entity.User is not abstract and does not override abstract method getUsername() in org.springframework.security.core.userdetails.UserDetails
[ERROR] /C:/Users/Nick/Documents/Nick/WendrewNickCostatehira072129321/src/main/java/com/wendrewnick/musicmanager/service/impl/ArtistServiceImpl.java:[39,31] cannot find symbol
  symbol:   method builder()
  location: class com.wendrewnick.musicmanager.entity.Artist
[ERROR] /C:/Users/Nick/Documents/Nick/WendrewNickCostatehira072129321/src/main/java/com/wendrewnick/musicmanager/service/impl/ArtistServiceImpl.java:[40,32] cannot find symbol
  symbol:   method getName()
  location: variable artistDTO of type com.wendrewnick.musicmanager.dto.ArtistDTO
[ERROR] /C:/Users/Nick/Documents/Nick/WendrewNickCostatehira072129321/src/main/java/com/wendrewnick/musicmanager/service/impl/ArtistServiceImpl.java:[48,33] cannot find symbol
  symbol:   method getName()
  location: variable artistDTO of type com.wendrewnick.musicmanager.dto.ArtistDTO
[ERROR] /C:/Users/Nick/Documents/Nick/WendrewNickCostatehira072129321/src/main/java/com/wendrewnick/musicmanager/service/impl/ArtistServiceImpl.java:[66,25] cannot find symbol
  symbol:   method builder()
  location: class com.wendrewnick.musicmanager.dto.ArtistDTO
[ERROR] /C:/Users/Nick/Documents/Nick/WendrewNickCostatehira072129321/src/main/java/com/wendrewnick/musicmanager/service/impl/ArtistServiceImpl.java:[67,27] cannot find symbol
  symbol:   method getId()
  location: variable artist of type com.wendrewnick.musicmanager.entity.Artist
[ERROR] /C:/Users/Nick/Documents/Nick/WendrewNickCostatehira072129321/src/main/java/com/wendrewnick/musicmanager/service/impl/ArtistServiceImpl.java:[68,29] cannot find symbol
  symbol:   method getName()
  location: variable artist of type com.wendrewnick.musicmanager.entity.Artist
[ERROR] /C:/Users/Nick/Documents/Nick/WendrewNickCostatehira072129321/src/main/java/com/wendrewnick/musicmanager/MusicManagerApplication.java:[25,33] cannot find symbol
  symbol:   method builder()
  location: class com.wendrewnick.musicmanager.entity.User
[ERROR] /C:/Users/Nick/Documents/Nick/WendrewNickCostatehira072129321/src/main/java/com/wendrewnick/musicmanager/MusicManagerApplication.java:[35,22] cannot find symbol
  symbol:   method setPassword(java.lang.String)
  location: variable admin of type com.wendrewnick.musicmanager.entity.User
[ERROR] /C:/Users/Nick/Documents/Nick/WendrewNickCostatehira072129321/src/main/java/com/wendrewnick/musicmanager/service/impl/AuthServiceImpl.java:[25,32] cannot find symbol
  symbol:   method getUsername()
  location: variable request of type com.wendrewnick.musicmanager.dto.AuthRequest
[ERROR] /C:/Users/Nick/Documents/Nick/WendrewNickCostatehira072129321/src/main/java/com/wendrewnick/musicmanager/service/impl/AuthServiceImpl.java:[26,32] cannot find symbol
  symbol:   method getPassword()
  location: variable request of type com.wendrewnick.musicmanager.dto.AuthRequest
[ERROR] /C:/Users/Nick/Documents/Nick/WendrewNickCostatehira072129321/src/main/java/com/wendrewnick/musicmanager/service/impl/AuthServiceImpl.java:[28,57] cannot find symbol
  symbol:   method getUsername()
  location: variable request of type com.wendrewnick.musicmanager.dto.AuthRequest
[ERROR] /C:/Users/Nick/Documents/Nick/WendrewNickCostatehira072129321/src/main/java/com/wendrewnick/musicmanager/service/impl/AuthServiceImpl.java:[34,28] cannot find symbol
  symbol:   method builder()
  location: class com.wendrewnick.musicmanager.dto.AuthResponse
[ERROR] /C:/Users/Nick/Documents/Nick/WendrewNickCostatehira072129321/src/main/java/com/wendrewnick/musicmanager/service/impl/AuthServiceImpl.java:[50,36] cannot find symbol
  symbol:   method builder()
  location: class com.wendrewnick.musicmanager.dto.AuthResponse
[ERROR] /C:/Users/Nick/Documents/Nick/WendrewNickCostatehira072129321/src/main/java/com/wendrewnick/musicmanager/service/impl/AlbumServiceImpl.java:[49,59] cannot find symbol
  symbol:   method getArtistId()
  location: variable albumDTO of type com.wendrewnick.musicmanager.dto.AlbumDTO
[ERROR] /C:/Users/Nick/Documents/Nick/WendrewNickCostatehira072129321/src/main/java/com/wendrewnick/musicmanager/service/impl/AlbumServiceImpl.java:[57,28] cannot find symbol
  symbol:   method builder()
  location: class com.wendrewnick.musicmanager.entity.Album
[ERROR] /C:/Users/Nick/Documents/Nick/WendrewNickCostatehira072129321/src/main/java/com/wendrewnick/musicmanager/service/impl/AlbumServiceImpl.java:[58,32] cannot find symbol
  symbol:   method getTitle()
  location: variable albumDTO of type com.wendrewnick.musicmanager.dto.AlbumDTO
[ERROR] /C:/Users/Nick/Documents/Nick/WendrewNickCostatehira072129321/src/main/java/com/wendrewnick/musicmanager/service/impl/AlbumServiceImpl.java:[59,31] cannot find symbol
  symbol:   method getYear()
  location: variable albumDTO of type com.wendrewnick.musicmanager.dto.AlbumDTO
[ERROR] /C:/Users/Nick/Documents/Nick/WendrewNickCostatehira072129321/src/main/java/com/wendrewnick/musicmanager/service/impl/AlbumServiceImpl.java:[83,18] cannot find symbol
  symbol:   method getCoverUrl()
  location: variable album of type com.wendrewnick.musicmanager.entity.Album
[ERROR] /C:/Users/Nick/Documents/Nick/WendrewNickCostatehira072129321/src/main/java/com/wendrewnick/musicmanager/service/impl/AlbumServiceImpl.java:[84,62] cannot find symbol
  symbol:   method getCoverUrl()
  location: variable album of type com.wendrewnick.musicmanager.entity.Album
[ERROR] /C:/Users/Nick/Documents/Nick/WendrewNickCostatehira072129321/src/main/java/com/wendrewnick/musicmanager/service/impl/AlbumServiceImpl.java:[87,24] cannot find symbol
  symbol:   method builder()
  location: class com.wendrewnick.musicmanager.dto.AlbumDTO
[ERROR] /C:/Users/Nick/Documents/Nick/WendrewNickCostatehira072129321/src/main/java/com/wendrewnick/musicmanager/service/impl/AlbumServiceImpl.java:[88,26] cannot find symbol
  symbol:   method getId()
  location: variable album of type com.wendrewnick.musicmanager.entity.Album
[ERROR] /C:/Users/Nick/Documents/Nick/WendrewNickCostatehira072129321/src/main/java/com/wendrewnick/musicmanager/service/impl/AlbumServiceImpl.java:[89,29] cannot find symbol
  symbol:   method getTitle()
  location: variable album of type com.wendrewnick.musicmanager.entity.Album
[ERROR] /C:/Users/Nick/Documents/Nick/WendrewNickCostatehira072129321/src/main/java/com/wendrewnick/musicmanager/service/impl/AlbumServiceImpl.java:[90,28] cannot find symbol
  symbol:   method getYear()
  location: variable album of type com.wendrewnick.musicmanager.entity.Album
[ERROR] /C:/Users/Nick/Documents/Nick/WendrewNickCostatehira072129321/src/main/java/com/wendrewnick/musicmanager/service/impl/AlbumServiceImpl.java:[91,32] cannot find symbol
  symbol:   method getArtist()
  location: variable album of type com.wendrewnick.musicmanager.entity.Album
[ERROR] /C:/Users/Nick/Documents/Nick/WendrewNickCostatehira072129321/src/main/java/com/wendrewnick/musicmanager/service/impl/AlbumServiceImpl.java:[92,34] cannot find symbol
  symbol:   method getArtist()
  location: variable album of type com.wendrewnick.musicmanager.entity.Album
[INFO] 29 errors 
[INFO] -------------------------------------------------------------
[INFO] ------------------------------------------------------------------------
[INFO] BUILD FAILURE
[INFO] ------------------------------------------------------------------------
[INFO] Total time:  1.683 s
[INFO] Finished at: 2026-01-18T01:07:37-04:00
[INFO] ------------------------------------------------------------------------
[ERROR] Failed to execute goal org.apache.maven.plugins:maven-compiler-plugin:3.11.0:compile (default-compile) on project music-manager-api: Compilation failure: Compilation failure: 
[ERROR] /C:/Users/Nick/Documents/Nick/WendrewNickCostatehira072129321/src/main/java/com/wendrewnick/musicmanager/security/SecurityConfig.java:[25,43] variable jwtAuthFilter not initialized in the default constructor
[ERROR] /C:/Users/Nick/Documents/Nick/WendrewNickCostatehira072129321/src/main/java/com/wendrewnick/musicmanager/security/SecurityConfig.java:[26,38] variable userDetailsService not initialized in the default constructor
[ERROR] /C:/Users/Nick/Documents/Nick/WendrewNickCostatehira072129321/src/main/java/com/wendrewnick/musicmanager/security/SecurityConfig.java:[27,35] variable rateLimitFilter not initialized in the default constructor
[ERROR] /C:/Users/Nick/Documents/Nick/WendrewNickCostatehira072129321/src/main/java/com/wendrewnick/musicmanager/entity/User.java:[22,8] com.wendrewnick.musicmanager.entity.User is not abstract and does not override abstract method getUsername() in org.springframework.security.core.userdetails.UserDetails
[ERROR] /C:/Users/Nick/Documents/Nick/WendrewNickCostatehira072129321/src/main/java/com/wendrewnick/musicmanager/service/impl/ArtistServiceImpl.java:[39,31] cannot find symbol
[ERROR]   symbol:   method builder()
[ERROR]   location: class com.wendrewnick.musicmanager.entity.Artist
[ERROR] /C:/Users/Nick/Documents/Nick/WendrewNickCostatehira072129321/src/main/java/com/wendrewnick/musicmanager/service/impl/ArtistServiceImpl.java:[40,32] cannot find symbol
[ERROR]   symbol:   method getName()
[ERROR]   location: variable artistDTO of type com.wendrewnick.musicmanager.dto.ArtistDTO
[ERROR] /C:/Users/Nick/Documents/Nick/WendrewNickCostatehira072129321/src/main/java/com/wendrewnick/musicmanager/service/impl/ArtistServiceImpl.java:[48,33] cannot find symbol
[ERROR]   symbol:   method getName()
[ERROR]   location: variable artistDTO of type com.wendrewnick.musicmanager.dto.ArtistDTO
[ERROR] /C:/Users/Nick/Documents/Nick/WendrewNickCostatehira072129321/src/main/java/com/wendrewnick/musicmanager/service/impl/ArtistServiceImpl.java:[66,25] cannot find symbol
[ERROR]   symbol:   method builder()
[ERROR]   location: class com.wendrewnick.musicmanager.dto.ArtistDTO
[ERROR] /C:/Users/Nick/Documents/Nick/WendrewNickCostatehira072129321/src/main/java/com/wendrewnick/musicmanager/service/impl/ArtistServiceImpl.java:[67,27] cannot find symbol
[ERROR]   symbol:   method getId()
[ERROR]   location: variable artist of type com.wendrewnick.musicmanager.entity.Artist
[ERROR] /C:/Users/Nick/Documents/Nick/WendrewNickCostatehira072129321/src/main/java/com/wendrewnick/musicmanager/service/impl/ArtistServiceImpl.java:[68,29] cannot find symbol
[ERROR]   symbol:   method getName()
[ERROR]   location: variable artist of type com.wendrewnick.musicmanager.entity.Artist
[ERROR] /C:/Users/Nick/Documents/Nick/WendrewNickCostatehira072129321/src/main/java/com/wendrewnick/musicmanager/MusicManagerApplication.java:[25,33] cannot find symbol
[ERROR]   symbol:   method builder()
[ERROR]   location: class com.wendrewnick.musicmanager.entity.User
[ERROR] /C:/Users/Nick/Documents/Nick/WendrewNickCostatehira072129321/src/main/java/com/wendrewnick/musicmanager/MusicManagerApplication.java:[35,22] cannot find symbol
[ERROR]   symbol:   method setPassword(java.lang.String)
[ERROR]   location: variable admin of type com.wendrewnick.musicmanager.entity.User
[ERROR] /C:/Users/Nick/Documents/Nick/WendrewNickCostatehira072129321/src/main/java/com/wendrewnick/musicmanager/service/impl/AuthServiceImpl.java:[25,32] cannot find symbol
[ERROR]   symbol:   method getUsername()
[ERROR]   location: variable request of type com.wendrewnick.musicmanager.dto.AuthRequest
[ERROR] /C:/Users/Nick/Documents/Nick/WendrewNickCostatehira072129321/src/main/java/com/wendrewnick/musicmanager/service/impl/AuthServiceImpl.java:[26,32] cannot find symbol
[ERROR]   symbol:   method getPassword()
[ERROR]   location: variable request of type com.wendrewnick.musicmanager.dto.AuthRequest
[ERROR] /C:/Users/Nick/Documents/Nick/WendrewNickCostatehira072129321/src/main/java/com/wendrewnick/musicmanager/service/impl/AuthServiceImpl.java:[28,57] cannot find symbol
[ERROR]   symbol:   method getUsername()
[ERROR]   location: variable request of type com.wendrewnick.musicmanager.dto.AuthRequest
[ERROR] /C:/Users/Nick/Documents/Nick/WendrewNickCostatehira072129321/src/main/java/com/wendrewnick/musicmanager/service/impl/AuthServiceImpl.java:[34,28] cannot find symbol
[ERROR]   symbol:   method builder()
[ERROR]   location: class com.wendrewnick.musicmanager.dto.AuthResponse
[ERROR] /C:/Users/Nick/Documents/Nick/WendrewNickCostatehira072129321/src/main/java/com/wendrewnick/musicmanager/service/impl/AuthServiceImpl.java:[50,36] cannot find symbol
[ERROR]   symbol:   method builder()
[ERROR]   location: class com.wendrewnick.musicmanager.dto.AuthResponse
[ERROR] /C:/Users/Nick/Documents/Nick/WendrewNickCostatehira072129321/src/main/java/com/wendrewnick/musicmanager/service/impl/AlbumServiceImpl.java:[49,59] cannot find symbol
[ERROR]   symbol:   method getArtistId()
[ERROR]   location: variable albumDTO of type com.wendrewnick.musicmanager.dto.AlbumDTO
[ERROR] /C:/Users/Nick/Documents/Nick/WendrewNickCostatehira072129321/src/main/java/com/wendrewnick/musicmanager/service/impl/AlbumServiceImpl.java:[57,28] cannot find symbol
[ERROR]   symbol:   method builder()
[ERROR]   location: class com.wendrewnick.musicmanager.entity.Album
[ERROR] /C:/Users/Nick/Documents/Nick/WendrewNickCostatehira072129321/src/main/java/com/wendrewnick/musicmanager/service/impl/AlbumServiceImpl.java:[58,32] cannot find symbol
[ERROR]   symbol:   method getTitle()
[ERROR]   location: variable albumDTO of type com.wendrewnick.musicmanager.dto.AlbumDTO
[ERROR] /C:/Users/Nick/Documents/Nick/WendrewNickCostatehira072129321/src/main/java/com/wendrewnick/musicmanager/service/impl/AlbumServiceImpl.java:[59,31] cannot find symbol
[ERROR]   symbol:   method getYear()
[ERROR]   location: variable albumDTO of type com.wendrewnick.musicmanager.dto.AlbumDTO
[ERROR] /C:/Users/Nick/Documents/Nick/WendrewNickCostatehira072129321/src/main/java/com/wendrewnick/musicmanager/service/impl/AlbumServiceImpl.java:[83,18] cannot find symbol
[ERROR]   symbol:   method getCoverUrl()
[ERROR]   location: variable album of type com.wendrewnick.musicmanager.entity.Album
[ERROR] /C:/Users/Nick/Documents/Nick/WendrewNickCostatehira072129321/src/main/java/com/wendrewnick/musicmanager/service/impl/AlbumServiceImpl.java:[84,62] cannot find symbol
[ERROR]   symbol:   method getCoverUrl()
[ERROR]   location: variable album of type com.wendrewnick.musicmanager.entity.Album
[ERROR] /C:/Users/Nick/Documents/Nick/WendrewNickCostatehira072129321/src/main/java/com/wendrewnick/musicmanager/service/impl/AlbumServiceImpl.java:[87,24] cannot find symbol
[ERROR]   symbol:   method builder()
[ERROR]   location: class com.wendrewnick.musicmanager.dto.AlbumDTO
[ERROR] /C:/Users/Nick/Documents/Nick/WendrewNickCostatehira072129321/src/main/java/com/wendrewnick/musicmanager/service/impl/AlbumServiceImpl.java:[88,26] cannot find symbol
[ERROR]   symbol:   method getId()
[ERROR]   location: variable album of type com.wendrewnick.musicmanager.entity.Album
[ERROR] /C:/Users/Nick/Documents/Nick/WendrewNickCostatehira072129321/src/main/java/com/wendrewnick/musicmanager/service/impl/AlbumServiceImpl.java:[89,29] cannot find symbol
[ERROR]   symbol:   method getTitle()
[ERROR]   location: variable album of type com.wendrewnick.musicmanager.entity.Album
[ERROR] /C:/Users/Nick/Documents/Nick/WendrewNickCostatehira072129321/src/main/java/com/wendrewnick/musicmanager/service/impl/AlbumServiceImpl.java:[90,28] cannot find symbol
[ERROR]   symbol:   method getYear()
[ERROR]   location: variable album of type com.wendrewnick.musicmanager.entity.Album
[ERROR] /C:/Users/Nick/Documents/Nick/WendrewNickCostatehira072129321/src/main/java/com/wendrewnick/musicmanager/service/impl/AlbumServiceImpl.java:[91,32] cannot find symbol
[ERROR]   symbol:   method getArtist()
[ERROR]   location: variable album of type com.wendrewnick.musicmanager.entity.Album
[ERROR] /C:/Users/Nick/Documents/Nick/WendrewNickCostatehira072129321/src/main/java/com/wendrewnick/musicmanager/service/impl/AlbumServiceImpl.java:[92,34] cannot find symbol
[ERROR]   symbol:   method getArtist()
[ERROR]   location: variable album of type com.wendrewnick.musicmanager.entity.Album
[ERROR] -> [Help 1]
[ERROR] 
[ERROR] To see the full stack trace of the errors, re-run Maven with the -e switch.
[ERROR] Re-run Maven using the -X switch to enable full debug logging.
[ERROR] 
[ERROR] For more information about the errors and possible solutions, please read the following articles:
[ERROR] [Help 1] http://cwiki.apache.org/confluence/display/MAVEN/MojoFailureException
